Rover.obj : error LNK2019: unresolved external symbol __imp__libmyo_error_cstring referenced in function "public: __thiscall myo::ThrowOnError::~ThrowOnError(void)" (??1ThrowOnError@myo@@QAE@XZ)
Rover.obj : error LNK2019: unresolved external symbol __imp__libmyo_error_kind referenced in function "public: __thiscall myo::ThrowOnError::~ThrowOnError(void)" (??1ThrowOnError@myo@@QAE@XZ)
Rover.obj : error LNK2019: unresolved external symbol __imp__libmyo_free_error_details referenced in function "public: __thiscall myo::ThrowOnError::~ThrowOnError(void)" (??1ThrowOnError@myo@@QAE@XZ)
Rover.obj : error LNK2019: unresolved external symbol __imp__libmyo_init_hub referenced in function "public: __thiscall myo::Hub::Hub(class std::basic_string<char,struct std::char_traits<char>,class std::allocator<char> > const &)" (??0Hub@myo@@QAE@ABV?$basic_string@DU?$char_traits@D@std@@V?$allocator@D@2@@std@@@Z)
Rover.obj : error LNK2019: unresolved external symbol __imp__libmyo_shutdown_hub referenced in function "public: __thiscall myo::Hub::~Hub(void)" (??1Hub@myo@@QAE@XZ)
Rover.obj : error LNK2019: unresolved external symbol __imp__libmyo_myo_unlock referenced in function "public: void __thiscall myo::Myo::unlock(enum myo::Myo::UnlockType)" (?unlock@Myo@myo@@QAEXW4UnlockType@12@@Z)
Rover.obj : error LNK2019: unresolved external symbol __imp__libmyo_myo_notify_user_action referenced in function "public: void __thiscall myo::Myo::notifyUserAction(void)" (?notifyUserAction@Myo@myo@@QAEXXZ)
Rover.obj : error LNK2019: unresolved external symbol __imp__libmyo_event_get_type referenced in function "public: static enum libmyo_handler_result_t __cdecl `public: class myo::Myo * __thiscall myo::Hub::waitForMyo(unsigned int)'::`2'::local::handler(void *,void const *)" (?handler@local@?1??waitForMyo@Hub@myo@@QAEPAVMyo@4@I@Z@SA?AW4libmyo_handler_result_t@@PAXPBX@Z)
Rover.obj : error LNK2019: unresolved external symbol __imp__libmyo_event_get_timestamp referenced in function "protected: void __thiscall myo::Hub::onDeviceEvent(void const *)" (?onDeviceEvent@Hub@myo@@IAEXPBX@Z)
Rover.obj : error LNK2019: unresolved external symbol __imp__libmyo_event_get_myo referenced in function "public: static enum libmyo_handler_result_t __cdecl `public: class myo::Myo * __thiscall myo::Hub::waitForMyo(unsigned int)'::`2'::local::handler(void *,void const *)" (?handler@local@?1??waitForMyo@Hub@myo@@QAEPAVMyo@4@I@Z@SA?AW4libmyo_handler_result_t@@PAXPBX@Z)
Rover.obj : error LNK2019: unresolved external symbol __imp__libmyo_event_get_firmware_version referenced in function "protected: void __thiscall myo::Hub::onDeviceEvent(void const *)" (?onDeviceEvent@Hub@myo@@IAEXPBX@Z)
Rover.obj : error LNK2019: unresolved external symbol __imp__libmyo_event_get_arm referenced in function "protected: void __thiscall myo::Hub::onDeviceEvent(void const *)" (?onDeviceEvent@Hub@myo@@IAEXPBX@Z)
Rover.obj : error LNK2019: unresolved external symbol __imp__libmyo_event_get_x_direction referenced in function "protected: void __thiscall myo::Hub::onDeviceEvent(void const *)" (?onDeviceEvent@Hub@myo@@IAEXPBX@Z)
Rover.obj : error LNK2019: unresolved external symbol __imp__libmyo_event_get_warmup_state referenced in function "protected: void __thiscall myo::Hub::onDeviceEvent(void const *)" (?onDeviceEvent@Hub@myo@@IAEXPBX@Z)
Rover.obj : error LNK2019: unresolved external symbol __imp__libmyo_event_get_warmup_result referenced in function "protected: void __thiscall myo::Hub::onDeviceEvent(void const *)" (?onDeviceEvent@Hub@myo@@IAEXPBX@Z)
Rover.obj : error LNK2019: unresolved external symbol __imp__libmyo_event_get_rotation_on_arm referenced in function "protected: void __thiscall myo::Hub::onDeviceEvent(void const *)" (?onDeviceEvent@Hub@myo@@IAEXPBX@Z)
Rover.obj : error LNK2019: unresolved external symbol __imp__libmyo_event_get_orientation referenced in function "protected: void __thiscall myo::Hub::onDeviceEvent(void const *)" (?onDeviceEvent@Hub@myo@@IAEXPBX@Z)
Rover.obj : error LNK2019: unresolved external symbol __imp__libmyo_event_get_accelerometer referenced in function "protected: void __thiscall myo::Hub::onDeviceEvent(void const *)" (?onDeviceEvent@Hub@myo@@IAEXPBX@Z)
Rover.obj : error LNK2019: unresolved external symbol __imp__libmyo_event_get_gyroscope referenced in function "protected: void __thiscall myo::Hub::onDeviceEvent(void const *)" (?onDeviceEvent@Hub@myo@@IAEXPBX@Z)
Rover.obj : error LNK2019: unresolved external symbol __imp__libmyo_event_get_pose referenced in function "protected: void __thiscall myo::Hub::onDeviceEvent(void const *)" (?onDeviceEvent@Hub@myo@@IAEXPBX@Z)
Rover.obj : error LNK2019: unresolved external symbol __imp__libmyo_event_get_rssi referenced in function "protected: void __thiscall myo::Hub::onDeviceEvent(void const *)" (?onDeviceEvent@Hub@myo@@IAEXPBX@Z)
Rover.obj : error LNK2019: unresolved external symbol __imp__libmyo_event_get_battery_level referenced in function "protected: void __thiscall myo::Hub::onDeviceEvent(void const *)" (?onDeviceEvent@Hub@myo@@IAEXPBX@Z)
Rover.obj : error LNK2019: unresolved external symbol __imp__libmyo_event_get_emg referenced in function "protected: void __thiscall myo::Hub::onDeviceEvent(void const *)" (?onDeviceEvent@Hub@myo@@IAEXPBX@Z)
Rover.obj : error LNK2019: unresolved external symbol __imp__libmyo_run referenced in function "public: void __thiscall myo::Hub::run(unsigned int)" (?run@Hub@myo@@QAEXI@Z)
..\..\lib\myo64.lib : warning LNK4272: library machine type 'x64' conflicts with target machine type 'x86'
C:\Users\Vlad\OneDrive\Desktop\myo-sdk-win-0.9.0\src\Rover\Debug\Rover.exe : fatal error LNK1120: 24 unresolved externals
